生成启动时间为 2016/8/9 11:47:34。
     1>项目“F:\windows-airplay-sdk\xindawn-airplay-sdk-example\xindawn-airplay-sdk-example.vcxproj”在节点 2 上(Build 个目标)。
     1>ClCompile:
         C:\Program Files (x86)\Microsoft Visual Studio 12.0\VC\bin\CL.exe /c /I.\include /I.\utils /ZI /nologo /W3 /WX- /Od /Oy- /D WIN32 /D _DEBUG /D _CONSOLE /D _LIB /D _UNICODE /D UNICODE /Gm /EHsc /RTC1 /MDd /GS /fp:precise /Zc:wchar_t /Zc:forScope /Fo"Debug\\" /Fd"Debug\vc120.pdb" /Gd /TP /analyze- /errorReport:prompt VideoSource.cpp
         VideoSource.cpp
     1>f:\windows-airplay-sdk\xindawn-airplay-sdk-example\videosource.h(161): warning C4099: “VideoSource”: 类型名称以前使用“struct”现在使用的是“class”
                 f:\windows-airplay-sdk\xindawn-airplay-sdk-example\videosource.h(91) : 参见“VideoSource”的声明
     1>f:\windows-airplay-sdk\xindawn-airplay-sdk-example\videosource.cpp(63): warning C4996: 'avcodec_alloc_frame': 被声明为已否决
                 f:\windows-airplay-sdk\xindawn-airplay-sdk-example\include\libavcodec\avcodec.h(3491) : 参见“avcodec_alloc_frame”的声明
     1>f:\windows-airplay-sdk\xindawn-airplay-sdk-example\videosource.cpp(64): warning C4996: 'avcodec_alloc_frame': 被声明为已否决
                 f:\windows-airplay-sdk\xindawn-airplay-sdk-example\include\libavcodec\avcodec.h(3491) : 参见“avcodec_alloc_frame”的声明
     1>f:\windows-airplay-sdk\xindawn-airplay-sdk-example\videosource.cpp(151): warning C4018: “<”: 有符号/无符号不匹配
     1>f:\windows-airplay-sdk\xindawn-airplay-sdk-example\videosource.cpp(153): warning C4018: “<”: 有符号/无符号不匹配
     1>f:\windows-airplay-sdk\xindawn-airplay-sdk-example\videosource.cpp(504): warning C4996: 'avcodec_alloc_frame': 被声明为已否决
                 f:\windows-airplay-sdk\xindawn-airplay-sdk-example\include\libavcodec\avcodec.h(3491) : 参见“avcodec_alloc_frame”的声明
     1>f:\windows-airplay-sdk\xindawn-airplay-sdk-example\videosource.cpp(505): warning C4996: 'avcodec_alloc_frame': 被声明为已否决
                 f:\windows-airplay-sdk\xindawn-airplay-sdk-example\include\libavcodec\avcodec.h(3491) : 参见“avcodec_alloc_frame”的声明
     1>f:\windows-airplay-sdk\xindawn-airplay-sdk-example\videosource.cpp(696): warning C4244: “return”: 从“__int64”转换到“long”，可能丢失数据
       Link:
         C:\Program Files (x86)\Microsoft Visual Studio 12.0\VC\bin\link.exe /ERRORREPORT:PROMPT /OUT:"F:\windows-airplay-sdk\xindawn-airplay-sdk-example\Debug\xindawn-airplay-sdk-example.exe" /INCREMENTAL /NOLOGO /LIBPATH:.\lib airmediaserve.lib avcodec.lib avformat.lib avutil.lib avdevice.lib avfilter.lib postproc.lib swresample.lib swscale.lib SDL.lib SDLmain.lib kernel32.lib user32.lib gdi32.lib winspool.lib comdlg32.lib advapi32.lib shell32.lib ole32.lib oleaut32.lib uuid.lib odbc32.lib odbccp32.lib kernel32.lib user32.lib gdi32.lib winspool.lib comdlg32.lib advapi32.lib shell32.lib ole32.lib oleaut32.lib uuid.lib odbc32.lib odbccp32.lib /MANIFEST /MANIFESTUAC:"level='asInvoker' uiAccess='false'" /manifest:embed /DEBUG /PDB:"F:\windows-airplay-sdk\xindawn-airplay-sdk-example\Debug\xindawn-airplay-sdk-example.pdb" /SUBSYSTEM:CONSOLE /TLBID:1 /DYNAMICBASE /NXCOMPAT /IMPLIB:"F:\windows-airplay-sdk\xindawn-airplay-sdk-example\Debug\xindawn-airplay-sdk-example.lib" /MACHINE:X86 Debug\HomeXml.obj
         Debug\xdw_list.obj
         Debug\xdw_lock.obj
         Debug\xdw_socket_ipc.obj
         Debug\VideoSource.obj
         xindawn-airplay-sdk-example.vcxproj -> F:\windows-airplay-sdk\xindawn-airplay-sdk-example\Debug\xindawn-airplay-sdk-example.exe
     1>已完成生成项目“F:\windows-airplay-sdk\xindawn-airplay-sdk-example\xindawn-airplay-sdk-example.vcxproj”(Build 个目标)的操作。

生成成功。

已用时间 00:00:01.20
